<?xml version="1.0" encoding="UTF-8"?>
<robot generator="Robot 6.0.2 (Python 3.11.2 on win32)" generated="20230311 02:19:04.004" rpa="false" schemaversion="3">
<suite id="s1" name="Amazon" source="C:\Users\Germano\Desktop\07+Script+Files\Resumo\Tests\Amazon.robot">
<test id="s1-t1" name="Logged out user can search for products" line="22">
<kw name="Begin Web Test" library="Setup" type="SETUP">
<kw name="Open Browser" library="SeleniumLibrary">
<arg>https://google.com</arg>
<arg>${BROWSER}</arg>
<doc>Opens a new browser instance to the optional ``url``.</doc>
<msg timestamp="20230311 02:19:04.169" level="INFO">Opening browser 'chrome' to base url 'https://google.com'.</msg>
<status status="PASS" starttime="20230311 02:19:04.168" endtime="20230311 02:19:07.039"/>
</kw>
<kw name="Set Window Position" library="SeleniumLibrary">
<arg>x=341</arg>
<arg>y=169</arg>
<doc>Sets window position using ``x`` and ``y`` coordinates.</doc>
<status status="PASS" starttime="20230311 02:19:07.039" endtime="20230311 02:19:07.147"/>
</kw>
<kw name="Set Window Size" library="SeleniumLibrary">
<arg>width=1935</arg>
<arg>height=1090</arg>
<doc>Sets current windows size to given ``width`` and ``height``.</doc>
<status status="PASS" starttime="20230311 02:19:07.148" endtime="20230311 02:19:07.255"/>
</kw>
<status status="PASS" starttime="20230311 02:19:04.168" endtime="20230311 02:19:07.255"/>
</kw>
<kw name="Search for Products" library="Keyword">
<kw name="Load" library="LandingPage">
<kw name="Go To" library="SeleniumLibrary">
<arg>${START_URL}</arg>
<doc>Navigates the current browser window to the provided ``url``.</doc>
<msg timestamp="20230311 02:19:07.256" level="INFO">Opening url 'https://www.amazon.com'</msg>
<status status="PASS" starttime="20230311 02:19:07.255" endtime="20230311 02:19:09.046"/>
</kw>
<status status="PASS" starttime="20230311 02:19:07.255" endtime="20230311 02:19:09.046"/>
</kw>
<kw name="Verify Page Loaded" library="LandingPage">
<kw name="Wait Until Page Contains" library="SeleniumLibrary">
<arg>Hello</arg>
<doc>Waits until ``text`` appears on the current page.</doc>
<status status="PASS" starttime="20230311 02:19:09.046" endtime="20230311 02:19:09.063"/>
</kw>
<status status="PASS" starttime="20230311 02:19:09.046" endtime="20230311 02:19:09.063"/>
</kw>
<kw name="Search for Products" library="TopNav">
<kw name="Enter Search Term" library="TopNav">
<kw name="Input Text" library="SeleniumLibrary">
<arg>id=twotabsearchtextbox</arg>
<arg>${SEARCH_TERM}</arg>
<doc>Types the given ``text`` into the text field identified by ``locator``.</doc>
<msg timestamp="20230311 02:19:09.064" level="INFO">Typing text 'Ferrari 458' into text field 'id=twotabsearchtextbox'.</msg>
<status status="PASS" starttime="20230311 02:19:09.064" endtime="20230311 02:19:09.172"/>
</kw>
<status status="PASS" starttime="20230311 02:19:09.064" endtime="20230311 02:19:09.172"/>
</kw>
<kw name="Submit Search" library="TopNav">
<kw name="Click Button" library="SeleniumLibrary">
<arg>xpath=//*[@id="nav-search"]/form/div[2]/div/input</arg>
<doc>Clicks the button identified by ``locator``.</doc>
<msg timestamp="20230311 02:19:09.172" level="INFO">Clicking button 'xpath=//*[@id="nav-search"]/form/div[2]/div/input'.</msg>
<status status="PASS" starttime="20230311 02:19:09.172" endtime="20230311 02:19:09.240"/>
</kw>
<status status="PASS" starttime="20230311 02:19:09.172" endtime="20230311 02:19:09.241"/>
</kw>
<status status="PASS" starttime="20230311 02:19:09.063" endtime="20230311 02:19:09.241"/>
</kw>
<kw name="Verify Search Completed" library="SearchResults">
<kw name="Wait Until Page Contains" library="SeleniumLibrary">
<arg>results for "${SEARCH_TERM}"</arg>
<doc>Waits until ``text`` appears on the current page.</doc>
<msg timestamp="20230311 02:19:14.549" level="INFO" html="true">&lt;/td&gt;&lt;/tr&gt;&lt;tr&gt;&lt;td colspan="3"&gt;&lt;a href="selenium-screenshot-1.png"&gt;&lt;img src="selenium-screenshot-1.png" width="800px"&gt;&lt;/a&gt;</msg>
<msg timestamp="20230311 02:19:14.550" level="FAIL">Text 'results for "Ferrari 458"' did not appear in 5 seconds.</msg>
<status status="FAIL" starttime="20230311 02:19:09.241" endtime="20230311 02:19:14.551"/>
</kw>
<status status="FAIL" starttime="20230311 02:19:09.241" endtime="20230311 02:19:14.551"/>
</kw>
<status status="FAIL" starttime="20230311 02:19:07.255" endtime="20230311 02:19:14.551"/>
</kw>
<kw name="End Web Test" library="Setup" type="TEARDOWN">
<kw name="Sleep" library="BuiltIn">
<arg>3s</arg>
<doc>Pauses the test executed for the given time.</doc>
<msg timestamp="20230311 02:19:17.552" level="INFO">Slept 3 seconds</msg>
<status status="PASS" starttime="20230311 02:19:14.552" endtime="20230311 02:19:17.552"/>
</kw>
<kw name="Close Browser" library="SeleniumLibrary">
<doc>Closes the current browser.</doc>
<status status="PASS" starttime="20230311 02:19:17.552" endtime="20230311 02:19:19.639"/>
</kw>
<status status="PASS" starttime="20230311 02:19:14.551" endtime="20230311 02:19:19.639"/>
</kw>
<doc>This is some basic info about the test</doc>
<tag>Current</tag>
<status status="FAIL" starttime="20230311 02:19:04.168" endtime="20230311 02:19:19.639">Text 'results for "Ferrari 458"' did not appear in 5 seconds.</status>
</test>
<test id="s1-t2" name="Logged out user can view a product" line="27">
<kw name="Begin Web Test" library="Setup" type="SETUP">
<kw name="Open Browser" library="SeleniumLibrary">
<arg>https://google.com</arg>
<arg>${BROWSER}</arg>
<doc>Opens a new browser instance to the optional ``url``.</doc>
<msg timestamp="20230311 02:19:19.641" level="INFO">Opening browser 'chrome' to base url 'https://google.com'.</msg>
<status status="PASS" starttime="20230311 02:19:19.641" endtime="20230311 02:19:22.361"/>
</kw>
<kw name="Set Window Position" library="SeleniumLibrary">
<arg>x=341</arg>
<arg>y=169</arg>
<doc>Sets window position using ``x`` and ``y`` coordinates.</doc>
<status status="PASS" starttime="20230311 02:19:22.361" endtime="20230311 02:19:22.478"/>
</kw>
<kw name="Set Window Size" library="SeleniumLibrary">
<arg>width=1935</arg>
<arg>height=1090</arg>
<doc>Sets current windows size to given ``width`` and ``height``.</doc>
<status status="PASS" starttime="20230311 02:19:22.478" endtime="20230311 02:19:22.600"/>
</kw>
<status status="PASS" starttime="20230311 02:19:19.640" endtime="20230311 02:19:22.600"/>
</kw>
<kw name="Search for Products" library="Keyword">
<kw name="Load" library="LandingPage">
<kw name="Go To" library="SeleniumLibrary">
<arg>${START_URL}</arg>
<doc>Navigates the current browser window to the provided ``url``.</doc>
<msg timestamp="20230311 02:19:22.601" level="INFO">Opening url 'https://www.amazon.com'</msg>
<status status="PASS" starttime="20230311 02:19:22.601" endtime="20230311 02:19:24.420"/>
</kw>
<status status="PASS" starttime="20230311 02:19:22.601" endtime="20230311 02:19:24.420"/>
</kw>
<kw name="Verify Page Loaded" library="LandingPage">
<kw name="Wait Until Page Contains" library="SeleniumLibrary">
<arg>Hello</arg>
<doc>Waits until ``text`` appears on the current page.</doc>
<status status="PASS" starttime="20230311 02:19:24.421" endtime="20230311 02:19:24.443"/>
</kw>
<status status="PASS" starttime="20230311 02:19:24.420" endtime="20230311 02:19:24.444"/>
</kw>
<kw name="Search for Products" library="TopNav">
<kw name="Enter Search Term" library="TopNav">
<kw name="Input Text" library="SeleniumLibrary">
<arg>id=twotabsearchtextbox</arg>
<arg>${SEARCH_TERM}</arg>
<doc>Types the given ``text`` into the text field identified by ``locator``.</doc>
<msg timestamp="20230311 02:19:24.444" level="INFO">Typing text 'Ferrari 458' into text field 'id=twotabsearchtextbox'.</msg>
<status status="PASS" starttime="20230311 02:19:24.444" endtime="20230311 02:19:24.562"/>
</kw>
<status status="PASS" starttime="20230311 02:19:24.444" endtime="20230311 02:19:24.562"/>
</kw>
<kw name="Submit Search" library="TopNav">
<kw name="Click Button" library="SeleniumLibrary">
<arg>xpath=//*[@id="nav-search"]/form/div[2]/div/input</arg>
<doc>Clicks the button identified by ``locator``.</doc>
<msg timestamp="20230311 02:19:24.563" level="INFO">Clicking button 'xpath=//*[@id="nav-search"]/form/div[2]/div/input'.</msg>
<status status="PASS" starttime="20230311 02:19:24.563" endtime="20230311 02:19:24.630"/>
</kw>
<status status="PASS" starttime="20230311 02:19:24.563" endtime="20230311 02:19:24.630"/>
</kw>
<status status="PASS" starttime="20230311 02:19:24.444" endtime="20230311 02:19:24.630"/>
</kw>
<kw name="Verify Search Completed" library="SearchResults">
<kw name="Wait Until Page Contains" library="SeleniumLibrary">
<arg>results for "${SEARCH_TERM}"</arg>
<doc>Waits until ``text`` appears on the current page.</doc>
<msg timestamp="20230311 02:19:29.908" level="INFO" html="true">&lt;/td&gt;&lt;/tr&gt;&lt;tr&gt;&lt;td colspan="3"&gt;&lt;a href="selenium-screenshot-2.png"&gt;&lt;img src="selenium-screenshot-2.png" width="800px"&gt;&lt;/a&gt;</msg>
<msg timestamp="20230311 02:19:29.908" level="FAIL">Text 'results for "Ferrari 458"' did not appear in 5 seconds.</msg>
<status status="FAIL" starttime="20230311 02:19:24.630" endtime="20230311 02:19:29.908"/>
</kw>
<status status="FAIL" starttime="20230311 02:19:24.630" endtime="20230311 02:19:29.909"/>
</kw>
<status status="FAIL" starttime="20230311 02:19:22.600" endtime="20230311 02:19:29.909"/>
</kw>
<kw name="Select Product from Search Results" library="Keyword">
<status status="NOT RUN" starttime="20230311 02:19:29.909" endtime="20230311 02:19:29.909"/>
</kw>
<kw name="End Web Test" library="Setup" type="TEARDOWN">
<kw name="Sleep" library="BuiltIn">
<arg>3s</arg>
<doc>Pauses the test executed for the given time.</doc>
<msg timestamp="20230311 02:19:32.910" level="INFO">Slept 3 seconds</msg>
<status status="PASS" starttime="20230311 02:19:29.910" endtime="20230311 02:19:32.910"/>
</kw>
<kw name="Close Browser" library="SeleniumLibrary">
<doc>Closes the current browser.</doc>
<status status="PASS" starttime="20230311 02:19:32.910" endtime="20230311 02:19:35.000"/>
</kw>
<status status="PASS" starttime="20230311 02:19:29.910" endtime="20230311 02:19:35.000"/>
</kw>
<status status="FAIL" starttime="20230311 02:19:19.640" endtime="20230311 02:19:35.000">Text 'results for "Ferrari 458"' did not appear in 5 seconds.</status>
</test>
<test id="s1-t3" name="Logged out user can add product to cart" line="31">
<kw name="Begin Web Test" library="Setup" type="SETUP">
<kw name="Open Browser" library="SeleniumLibrary">
<arg>https://google.com</arg>
<arg>${BROWSER}</arg>
<doc>Opens a new browser instance to the optional ``url``.</doc>
<msg timestamp="20230311 02:19:35.002" level="INFO">Opening browser 'chrome' to base url 'https://google.com'.</msg>
<status status="PASS" starttime="20230311 02:19:35.002" endtime="20230311 02:19:37.743"/>
</kw>
<kw name="Set Window Position" library="SeleniumLibrary">
<arg>x=341</arg>
<arg>y=169</arg>
<doc>Sets window position using ``x`` and ``y`` coordinates.</doc>
<status status="PASS" starttime="20230311 02:19:37.743" endtime="20230311 02:19:37.857"/>
</kw>
<kw name="Set Window Size" library="SeleniumLibrary">
<arg>width=1935</arg>
<arg>height=1090</arg>
<doc>Sets current windows size to given ``width`` and ``height``.</doc>
<status status="PASS" starttime="20230311 02:19:37.857" endtime="20230311 02:19:37.964"/>
</kw>
<status status="PASS" starttime="20230311 02:19:35.001" endtime="20230311 02:19:37.964"/>
</kw>
<kw name="Search for Products" library="Keyword">
<kw name="Load" library="LandingPage">
<kw name="Go To" library="SeleniumLibrary">
<arg>${START_URL}</arg>
<doc>Navigates the current browser window to the provided ``url``.</doc>
<msg timestamp="20230311 02:19:37.965" level="INFO">Opening url 'https://www.amazon.com'</msg>
<status status="PASS" starttime="20230311 02:19:37.964" endtime="20230311 02:19:39.829"/>
</kw>
<status status="PASS" starttime="20230311 02:19:37.964" endtime="20230311 02:19:39.829"/>
</kw>
<kw name="Verify Page Loaded" library="LandingPage">
<kw name="Wait Until Page Contains" library="SeleniumLibrary">
<arg>Hello</arg>
<doc>Waits until ``text`` appears on the current page.</doc>
<status status="PASS" starttime="20230311 02:19:39.829" endtime="20230311 02:19:39.846"/>
</kw>
<status status="PASS" starttime="20230311 02:19:39.829" endtime="20230311 02:19:39.846"/>
</kw>
<kw name="Search for Products" library="TopNav">
<kw name="Enter Search Term" library="TopNav">
<kw name="Input Text" library="SeleniumLibrary">
<arg>id=twotabsearchtextbox</arg>
<arg>${SEARCH_TERM}</arg>
<doc>Types the given ``text`` into the text field identified by ``locator``.</doc>
<msg timestamp="20230311 02:19:39.847" level="INFO">Typing text 'Ferrari 458' into text field 'id=twotabsearchtextbox'.</msg>
<status status="PASS" starttime="20230311 02:19:39.847" endtime="20230311 02:19:39.955"/>
</kw>
<status status="PASS" starttime="20230311 02:19:39.847" endtime="20230311 02:19:39.955"/>
</kw>
<kw name="Submit Search" library="TopNav">
<kw name="Click Button" library="SeleniumLibrary">
<arg>xpath=//*[@id="nav-search"]/form/div[2]/div/input</arg>
<doc>Clicks the button identified by ``locator``.</doc>
<msg timestamp="20230311 02:19:39.956" level="INFO">Clicking button 'xpath=//*[@id="nav-search"]/form/div[2]/div/input'.</msg>
<status status="PASS" starttime="20230311 02:19:39.955" endtime="20230311 02:19:40.031"/>
</kw>
<status status="PASS" starttime="20230311 02:19:39.955" endtime="20230311 02:19:40.031"/>
</kw>
<status status="PASS" starttime="20230311 02:19:39.846" endtime="20230311 02:19:40.031"/>
</kw>
<kw name="Verify Search Completed" library="SearchResults">
<kw name="Wait Until Page Contains" library="SeleniumLibrary">
<arg>results for "${SEARCH_TERM}"</arg>
<doc>Waits until ``text`` appears on the current page.</doc>
<msg timestamp="20230311 02:19:45.345" level="INFO" html="true">&lt;/td&gt;&lt;/tr&gt;&lt;tr&gt;&lt;td colspan="3"&gt;&lt;a href="selenium-screenshot-3.png"&gt;&lt;img src="selenium-screenshot-3.png" width="800px"&gt;&lt;/a&gt;</msg>
<msg timestamp="20230311 02:19:45.346" level="FAIL">Text 'results for "Ferrari 458"' did not appear in 5 seconds.</msg>
<status status="FAIL" starttime="20230311 02:19:40.031" endtime="20230311 02:19:45.346"/>
</kw>
<status status="FAIL" starttime="20230311 02:19:40.031" endtime="20230311 02:19:45.346"/>
</kw>
<status status="FAIL" starttime="20230311 02:19:37.964" endtime="20230311 02:19:45.346"/>
</kw>
<kw name="Select Product from Search Results" library="Keyword">
<status status="NOT RUN" starttime="20230311 02:19:45.346" endtime="20230311 02:19:45.347"/>
</kw>
<kw name="Add Product to Cart" library="Keyword">
<status status="NOT RUN" starttime="20230311 02:19:45.347" endtime="20230311 02:19:45.347"/>
</kw>
<kw name="End Web Test" library="Setup" type="TEARDOWN">
<kw name="Sleep" library="BuiltIn">
<arg>3s</arg>
<doc>Pauses the test executed for the given time.</doc>
<msg timestamp="20230311 02:19:48.347" level="INFO">Slept 3 seconds</msg>
<status status="PASS" starttime="20230311 02:19:45.347" endtime="20230311 02:19:48.347"/>
</kw>
<kw name="Close Browser" library="SeleniumLibrary">
<doc>Closes the current browser.</doc>
<status status="PASS" starttime="20230311 02:19:48.347" endtime="20230311 02:19:50.439"/>
</kw>
<status status="PASS" starttime="20230311 02:19:45.347" endtime="20230311 02:19:50.439"/>
</kw>
<status status="FAIL" starttime="20230311 02:19:35.001" endtime="20230311 02:19:50.439">Text 'results for "Ferrari 458"' did not appear in 5 seconds.</status>
</test>
<test id="s1-t4" name="Logged out user must sign in to check out" line="36">
<kw name="Begin Web Test" library="Setup" type="SETUP">
<kw name="Open Browser" library="SeleniumLibrary">
<arg>https://google.com</arg>
<arg>${BROWSER}</arg>
<doc>Opens a new browser instance to the optional ``url``.</doc>
<msg timestamp="20230311 02:19:50.441" level="INFO">Opening browser 'chrome' to base url 'https://google.com'.</msg>
<status status="PASS" starttime="20230311 02:19:50.441" endtime="20230311 02:19:53.168"/>
</kw>
<kw name="Set Window Position" library="SeleniumLibrary">
<arg>x=341</arg>
<arg>y=169</arg>
<doc>Sets window position using ``x`` and ``y`` coordinates.</doc>
<status status="PASS" starttime="20230311 02:19:53.168" endtime="20230311 02:19:53.282"/>
</kw>
<kw name="Set Window Size" library="SeleniumLibrary">
<arg>width=1935</arg>
<arg>height=1090</arg>
<doc>Sets current windows size to given ``width`` and ``height``.</doc>
<status status="PASS" starttime="20230311 02:19:53.282" endtime="20230311 02:19:53.390"/>
</kw>
<status status="PASS" starttime="20230311 02:19:50.440" endtime="20230311 02:19:53.390"/>
</kw>
<kw name="Search for Products" library="Keyword">
<kw name="Load" library="LandingPage">
<kw name="Go To" library="SeleniumLibrary">
<arg>${START_URL}</arg>
<doc>Navigates the current browser window to the provided ``url``.</doc>
<msg timestamp="20230311 02:19:53.391" level="INFO">Opening url 'https://www.amazon.com'</msg>
<status status="PASS" starttime="20230311 02:19:53.390" endtime="20230311 02:19:55.001"/>
</kw>
<status status="PASS" starttime="20230311 02:19:53.390" endtime="20230311 02:19:55.001"/>
</kw>
<kw name="Verify Page Loaded" library="LandingPage">
<kw name="Wait Until Page Contains" library="SeleniumLibrary">
<arg>Hello</arg>
<doc>Waits until ``text`` appears on the current page.</doc>
<status status="PASS" starttime="20230311 02:19:55.001" endtime="20230311 02:19:55.024"/>
</kw>
<status status="PASS" starttime="20230311 02:19:55.001" endtime="20230311 02:19:55.024"/>
</kw>
<kw name="Search for Products" library="TopNav">
<kw name="Enter Search Term" library="TopNav">
<kw name="Input Text" library="SeleniumLibrary">
<arg>id=twotabsearchtextbox</arg>
<arg>${SEARCH_TERM}</arg>
<doc>Types the given ``text`` into the text field identified by ``locator``.</doc>
<msg timestamp="20230311 02:19:55.024" level="INFO">Typing text 'Ferrari 458' into text field 'id=twotabsearchtextbox'.</msg>
<status status="PASS" starttime="20230311 02:19:55.024" endtime="20230311 02:19:55.162"/>
</kw>
<status status="PASS" starttime="20230311 02:19:55.024" endtime="20230311 02:19:55.163"/>
</kw>
<kw name="Submit Search" library="TopNav">
<kw name="Click Button" library="SeleniumLibrary">
<arg>xpath=//*[@id="nav-search"]/form/div[2]/div/input</arg>
<doc>Clicks the button identified by ``locator``.</doc>
<msg timestamp="20230311 02:19:55.163" level="INFO">Clicking button 'xpath=//*[@id="nav-search"]/form/div[2]/div/input'.</msg>
<status status="PASS" starttime="20230311 02:19:55.163" endtime="20230311 02:19:55.227"/>
</kw>
<status status="PASS" starttime="20230311 02:19:55.163" endtime="20230311 02:19:55.227"/>
</kw>
<status status="PASS" starttime="20230311 02:19:55.024" endtime="20230311 02:19:55.228"/>
</kw>
<kw name="Verify Search Completed" library="SearchResults">
<kw name="Wait Until Page Contains" library="SeleniumLibrary">
<arg>results for "${SEARCH_TERM}"</arg>
<doc>Waits until ``text`` appears on the current page.</doc>
<msg timestamp="20230311 02:20:00.494" level="INFO" html="true">&lt;/td&gt;&lt;/tr&gt;&lt;tr&gt;&lt;td colspan="3"&gt;&lt;a href="selenium-screenshot-4.png"&gt;&lt;img src="selenium-screenshot-4.png" width="800px"&gt;&lt;/a&gt;</msg>
<msg timestamp="20230311 02:20:00.494" level="FAIL">Text 'results for "Ferrari 458"' did not appear in 5 seconds.</msg>
<status status="FAIL" starttime="20230311 02:19:55.228" endtime="20230311 02:20:00.495"/>
</kw>
<status status="FAIL" starttime="20230311 02:19:55.228" endtime="20230311 02:20:00.495"/>
</kw>
<status status="FAIL" starttime="20230311 02:19:53.390" endtime="20230311 02:20:00.495"/>
</kw>
<kw name="Select Product from Search Results" library="Keyword">
<status status="NOT RUN" starttime="20230311 02:20:00.495" endtime="20230311 02:20:00.495"/>
</kw>
<kw name="Add Product to Cart" library="Keyword">
<status status="NOT RUN" starttime="20230311 02:20:00.496" endtime="20230311 02:20:00.496"/>
</kw>
<kw name="Begin Checkout" library="Keyword">
<status status="NOT RUN" starttime="20230311 02:20:00.496" endtime="20230311 02:20:00.496"/>
</kw>
<kw name="End Web Test" library="Setup" type="TEARDOWN">
<kw name="Sleep" library="BuiltIn">
<arg>3s</arg>
<doc>Pauses the test executed for the given time.</doc>
<msg timestamp="20230311 02:20:03.497" level="INFO">Slept 3 seconds</msg>
<status status="PASS" starttime="20230311 02:20:00.496" endtime="20230311 02:20:03.497"/>
</kw>
<kw name="Close Browser" library="SeleniumLibrary">
<doc>Closes the current browser.</doc>
<status status="PASS" starttime="20230311 02:20:03.497" endtime="20230311 02:20:05.586"/>
</kw>
<status status="PASS" starttime="20230311 02:20:00.496" endtime="20230311 02:20:05.586"/>
</kw>
<status status="FAIL" starttime="20230311 02:19:50.440" endtime="20230311 02:20:05.586">Text 'results for "Ferrari 458"' did not appear in 5 seconds.</status>
</test>
<test id="s1-t5" name="Variable Demonstrations" line="42">
<kw name="Begin Web Test" library="Setup" type="SETUP">
<kw name="Open Browser" library="SeleniumLibrary">
<arg>https://google.com</arg>
<arg>${BROWSER}</arg>
<doc>Opens a new browser instance to the optional ``url``.</doc>
<msg timestamp="20230311 02:20:05.588" level="INFO">Opening browser 'chrome' to base url 'https://google.com'.</msg>
<status status="PASS" starttime="20230311 02:20:05.587" endtime="20230311 02:20:08.307"/>
</kw>
<kw name="Set Window Position" library="SeleniumLibrary">
<arg>x=341</arg>
<arg>y=169</arg>
<doc>Sets window position using ``x`` and ``y`` coordinates.</doc>
<status status="PASS" starttime="20230311 02:20:08.308" endtime="20230311 02:20:08.412"/>
</kw>
<kw name="Set Window Size" library="SeleniumLibrary">
<arg>width=1935</arg>
<arg>height=1090</arg>
<doc>Sets current windows size to given ``width`` and ``height``.</doc>
<status status="PASS" starttime="20230311 02:20:08.412" endtime="20230311 02:20:08.534"/>
</kw>
<status status="PASS" starttime="20230311 02:20:05.587" endtime="20230311 02:20:08.534"/>
</kw>
<kw name="Log" library="BuiltIn">
<arg>${BROWSER}</arg>
<doc>Logs the given message with the given level.</doc>
<msg timestamp="20230311 02:20:08.534" level="INFO">chrome</msg>
<status status="PASS" starttime="20230311 02:20:08.534" endtime="20230311 02:20:08.534"/>
</kw>
<kw name="Set Variable" library="BuiltIn">
<var>${elemento}</var>
<arg>elemento unico</arg>
<doc>Returns the given values which can then be assigned to a variables.</doc>
<msg timestamp="20230311 02:20:08.534" level="INFO">${elemento} = elemento unico</msg>
<status status="PASS" starttime="20230311 02:20:08.534" endtime="20230311 02:20:08.534"/>
</kw>
<kw name="Log" library="BuiltIn">
<arg>${elemento}</arg>
<doc>Logs the given message with the given level.</doc>
<msg timestamp="20230311 02:20:08.535" level="INFO">elemento unico</msg>
<status status="PASS" starttime="20230311 02:20:08.535" endtime="20230311 02:20:08.535"/>
</kw>
<kw name="Log" library="BuiltIn">
<arg>${LIST_OF_ELEMENTS}[0]</arg>
<doc>Logs the given message with the given level.</doc>
<msg timestamp="20230311 02:20:08.535" level="INFO">Car</msg>
<status status="PASS" starttime="20230311 02:20:08.535" endtime="20230311 02:20:08.535"/>
</kw>
<kw name="Log" library="BuiltIn">
<arg>${LIST_OF_ELEMENTS}[1]</arg>
<doc>Logs the given message with the given level.</doc>
<msg timestamp="20230311 02:20:08.535" level="INFO">Bycycle</msg>
<status status="PASS" starttime="20230311 02:20:08.535" endtime="20230311 02:20:08.535"/>
</kw>
<kw name="Create List" library="BuiltIn">
<var>${lista_de_elementos}</var>
<arg>Item 1</arg>
<arg>Item 2</arg>
<arg>Item 3</arg>
<doc>Returns a list containing given items.</doc>
<msg timestamp="20230311 02:20:08.536" level="INFO">${lista_de_elementos} = ['Item 1', 'Item 2', 'Item 3']</msg>
<status status="PASS" starttime="20230311 02:20:08.535" endtime="20230311 02:20:08.536"/>
</kw>
<kw name="Log" library="BuiltIn">
<arg>${lista_de_elementos}[0]</arg>
<doc>Logs the given message with the given level.</doc>
<msg timestamp="20230311 02:20:08.536" level="INFO">Item 1</msg>
<status status="PASS" starttime="20230311 02:20:08.536" endtime="20230311 02:20:08.536"/>
</kw>
<kw name="Log" library="BuiltIn">
<arg>${lista_de_elementos}[1]</arg>
<doc>Logs the given message with the given level.</doc>
<msg timestamp="20230311 02:20:08.536" level="INFO">Item 2</msg>
<status status="PASS" starttime="20230311 02:20:08.536" endtime="20230311 02:20:08.536"/>
</kw>
<kw name="End Web Test" library="Setup" type="TEARDOWN">
<kw name="Sleep" library="BuiltIn">
<arg>3s</arg>
<doc>Pauses the test executed for the given time.</doc>
<msg timestamp="20230311 02:20:11.537" level="INFO">Slept 3 seconds</msg>
<status status="PASS" starttime="20230311 02:20:08.537" endtime="20230311 02:20:11.537"/>
</kw>
<kw name="Close Browser" library="SeleniumLibrary">
<doc>Closes the current browser.</doc>
<status status="PASS" starttime="20230311 02:20:11.537" endtime="20230311 02:20:13.605"/>
</kw>
<status status="PASS" starttime="20230311 02:20:08.537" endtime="20230311 02:20:13.605"/>
</kw>
<status status="PASS" starttime="20230311 02:20:05.587" endtime="20230311 02:20:13.605"/>
</test>
<test id="s1-t6" name="Variaveis como Argumentos" line="52">
<kw name="Begin Web Test" library="Setup" type="SETUP">
<kw name="Open Browser" library="SeleniumLibrary">
<arg>https://google.com</arg>
<arg>${BROWSER}</arg>
<doc>Opens a new browser instance to the optional ``url``.</doc>
<msg timestamp="20230311 02:20:13.607" level="INFO">Opening browser 'chrome' to base url 'https://google.com'.</msg>
<status status="PASS" starttime="20230311 02:20:13.606" endtime="20230311 02:20:16.337"/>
</kw>
<kw name="Set Window Position" library="SeleniumLibrary">
<arg>x=341</arg>
<arg>y=169</arg>
<doc>Sets window position using ``x`` and ``y`` coordinates.</doc>
<status status="PASS" starttime="20230311 02:20:16.337" endtime="20230311 02:20:16.447"/>
</kw>
<kw name="Set Window Size" library="SeleniumLibrary">
<arg>width=1935</arg>
<arg>height=1090</arg>
<doc>Sets current windows size to given ``width`` and ``height``.</doc>
<status status="PASS" starttime="20230311 02:20:16.447" endtime="20230311 02:20:16.567"/>
</kw>
<status status="PASS" starttime="20230311 02:20:13.606" endtime="20230311 02:20:16.567"/>
</kw>
<kw name="Passando Variaveis Scalar como argumentos">
<arg>https://google.com</arg>
<arg>chrome</arg>
<kw name="Log" library="BuiltIn">
<arg>${url}</arg>
<arg>${browser}</arg>
<doc>Logs the given message with the given level.</doc>
<msg timestamp="20230311 02:20:16.568" level="FAIL">Invalid log level 'chrome'.</msg>
<status status="FAIL" starttime="20230311 02:20:16.568" endtime="20230311 02:20:16.568"/>
</kw>
<status status="FAIL" starttime="20230311 02:20:16.567" endtime="20230311 02:20:16.568"/>
</kw>
<kw name="Create List" library="BuiltIn">
<var>@{url_and_browser}</var>
<arg>http://www.amazon.com</arg>
<arg>chrome</arg>
<doc>Returns a list containing given items.</doc>
<status status="NOT RUN" starttime="20230311 02:20:16.568" endtime="20230311 02:20:16.568"/>
</kw>
<kw name="Passando Variaveis Lista como argumento">
<arg>@{url_and_browser}</arg>
<status status="NOT RUN" starttime="20230311 02:20:16.568" endtime="20230311 02:20:16.569"/>
</kw>
<kw name="End Web Test" library="Setup" type="TEARDOWN">
<kw name="Sleep" library="BuiltIn">
<arg>3s</arg>
<doc>Pauses the test executed for the given time.</doc>
<msg timestamp="20230311 02:20:19.570" level="INFO">Slept 3 seconds</msg>
<status status="PASS" starttime="20230311 02:20:16.569" endtime="20230311 02:20:19.570"/>
</kw>
<kw name="Close Browser" library="SeleniumLibrary">
<doc>Closes the current browser.</doc>
<status status="PASS" starttime="20230311 02:20:19.570" endtime="20230311 02:20:21.645"/>
</kw>
<status status="PASS" starttime="20230311 02:20:16.569" endtime="20230311 02:20:21.645"/>
</kw>
<status status="FAIL" starttime="20230311 02:20:13.606" endtime="20230311 02:20:21.645">Invalid log level 'chrome'.</status>
</test>
<doc>This is some basic info about the whole suite</doc>
<status status="FAIL" starttime="20230311 02:19:04.005" endtime="20230311 02:20:21.646"/>
</suite>
<statistics>
<total>
<stat pass="1" fail="5" skip="0">All Tests</stat>
</total>
<tag>
<stat pass="0" fail="1" skip="0">Current</stat>
</tag>
<suite>
<stat pass="1" fail="5" skip="0" id="s1" name="Amazon">Amazon</stat>
</suite>
</statistics>
<errors>
</errors>
</robot>
