<?xml version="1.0" encoding="UTF-8"?>
<robot generator="Robot 6.0.2 (Python 3.11.2 on win32)" generated="20230311 21:50:39.379" rpa="false" schemaversion="3">
<suite id="s1" name="Front Office" source="C:\development\robot-scripts\ChallengeCode\Tests\Front_Office.robot">
<test id="s1-t1" name="HomePage Button Click" line="12">
<kw name="Begin Web Test" library="Setup" type="SETUP">
<kw name="Open Browser" library="SeleniumLibrary">
<arg>${HOMEPAGE}</arg>
<arg>${BROWSER}</arg>
<doc>Opens a new browser instance to the optional ``url``.</doc>
<msg timestamp="20230311 21:50:39.554" level="INFO">Opening browser 'chrome' to base url 'https://automationplayground.com/front-office/'.</msg>
<status status="PASS" starttime="20230311 21:50:39.553" endtime="20230311 21:50:43.387"/>
</kw>
<kw name="Maximize Browser Window" library="SeleniumLibrary">
<doc>Maximizes current browser window.</doc>
<status status="PASS" starttime="20230311 21:50:43.387" endtime="20230311 21:50:43.500"/>
</kw>
<status status="PASS" starttime="20230311 21:50:39.553" endtime="20230311 21:50:43.500"/>
</kw>
<kw name="Log" library="BuiltIn">
<arg>I can see HomePage</arg>
<doc>Logs the given message with the given level.</doc>
<msg timestamp="20230311 21:50:43.501" level="INFO">I can see HomePage</msg>
<status status="PASS" starttime="20230311 21:50:43.500" endtime="20230311 21:50:43.501"/>
</kw>
<kw name="End Web Test" library="Setup" type="TEARDOWN">
<kw name="Close Browser" library="SeleniumLibrary">
<doc>Closes the current browser.</doc>
<status status="PASS" starttime="20230311 21:50:43.501" endtime="20230311 21:50:45.562"/>
</kw>
<status status="PASS" starttime="20230311 21:50:43.501" endtime="20230311 21:50:45.562"/>
</kw>
<tag>Homepage</tag>
<status status="PASS" starttime="20230311 21:50:39.553" endtime="20230311 21:50:45.562"/>
</test>
<test id="s1-t2" name="ServicesPage can be seen" line="16">
<kw name="Begin Web Test" library="Setup" type="SETUP">
<kw name="Open Browser" library="SeleniumLibrary">
<arg>${HOMEPAGE}</arg>
<arg>${BROWSER}</arg>
<doc>Opens a new browser instance to the optional ``url``.</doc>
<msg timestamp="20230311 21:50:45.564" level="INFO">Opening browser 'chrome' to base url 'https://automationplayground.com/front-office/'.</msg>
<status status="PASS" starttime="20230311 21:50:45.563" endtime="20230311 21:50:48.400"/>
</kw>
<kw name="Maximize Browser Window" library="SeleniumLibrary">
<doc>Maximizes current browser window.</doc>
<status status="PASS" starttime="20230311 21:50:48.400" endtime="20230311 21:50:48.525"/>
</kw>
<status status="PASS" starttime="20230311 21:50:45.563" endtime="20230311 21:50:48.525"/>
</kw>
<kw name="Log" library="BuiltIn">
<arg>I can see ServicesPage</arg>
<doc>Logs the given message with the given level.</doc>
<msg timestamp="20230311 21:50:48.526" level="INFO">I can see ServicesPage</msg>
<status status="PASS" starttime="20230311 21:50:48.525" endtime="20230311 21:50:48.526"/>
</kw>
<kw name="Sleep" library="BuiltIn">
<arg>3s</arg>
<doc>Pauses the test executed for the given time.</doc>
<msg timestamp="20230311 21:50:51.527" level="INFO">Slept 3 seconds</msg>
<status status="PASS" starttime="20230311 21:50:48.526" endtime="20230311 21:50:51.527"/>
</kw>
<kw name="End Web Test" library="Setup" type="TEARDOWN">
<kw name="Close Browser" library="SeleniumLibrary">
<doc>Closes the current browser.</doc>
<status status="PASS" starttime="20230311 21:50:51.527" endtime="20230311 21:50:53.595"/>
</kw>
<status status="PASS" starttime="20230311 21:50:51.527" endtime="20230311 21:50:53.595"/>
</kw>
<tag>Services</tag>
<status status="PASS" starttime="20230311 21:50:45.563" endtime="20230311 21:50:53.595"/>
</test>
<status status="PASS" starttime="20230311 21:50:39.380" endtime="20230311 21:50:53.596"/>
</suite>
<statistics>
<total>
<stat pass="2" fail="0" skip="0">All Tests</stat>
</total>
<tag>
<stat pass="1" fail="0" skip="0">Homepage</stat>
<stat pass="1" fail="0" skip="0">Services</stat>
</tag>
<suite>
<stat pass="2" fail="0" skip="0" id="s1" name="Front Office">Front Office</stat>
</suite>
</statistics>
<errors>
</errors>
</robot>
